current date-2017-12-25 20:35:03,502 LEVEL-INFO  Thread-[main] Method-main() Class name-com.somnath.apps.misc.ReflectionWithSlf4JLog4j2 Message-start...
current date-2017-12-25 20:35:03,505 LEVEL-INFO  Thread-[main] Method-main() Class name-com.somnath.apps.misc.ReflectionWithSlf4JLog4j2 Message-end...
Date:2017-12-25 20:37:12,165 LEVEL:INFO  Thread:[main] Method:main() Class:-com.somnath.apps.misc.ReflectionWithSlf4JLog4j2 Message:start...
Date:2017-12-25 20:37:12,167 LEVEL:INFO  Thread:[main] Method:main() Class:-com.somnath.apps.misc.ReflectionWithSlf4JLog4j2 Message:end...
Date:2017-12-25 20:37:27,517 LEVEL:INFO  Thread:[main] Method:main() Class:-com.somnath.apps.misc.ReflectionWithSlf4JLog4j2 Message:start...
Date:2017-12-25 20:37:27,519 LEVEL:INFO  Thread:[main] Method:main() Class:-com.somnath.apps.misc.ReflectionWithSlf4JLog4j2 Message:end...
Date:2017-12-25 20:37:49,271 LEVEL:INFO  Thread:[main] Method:main() Class:com.somnath.apps.misc.ReflectionWithSlf4JLog4j2 Message:start...
Date:2017-12-25 20:37:49,274 LEVEL:INFO  Thread:[main] Method:main() Class:com.somnath.apps.misc.ReflectionWithSlf4JLog4j2 Message:end...
Date:2017-12-25 20:37:56,459 LEVEL:INFO  Thread:[main] Method:main() Class:com.somnath.apps.misc.ReflectionWithSlf4JLog4j2 Message:start...
Date:2017-12-25 20:37:56,461 LEVEL:INFO  Thread:[main] Method:main() Class:com.somnath.apps.misc.ReflectionWithSlf4JLog4j2 Message:end...
Date:2017-12-25 20:39:15,374 LEVEL:INFO  Thread:[main] Method:main() Class:com.somnath.apps.misc.ReflectionWithSlf4JLog4j2 Message:start...
Date:2017-12-25 20:39:15,376 LEVEL:INFO  Thread:[main] Method:main() Class:com.somnath.apps.misc.ReflectionWithSlf4JLog4j2 Message:end...
Date:2017-12-25 20:40:18,694 LEVEL:INFO  Thread:[main] Method:main() Class:com.somnath.apps.misc.ReflectionWithSlf4JLog4j2 Message:start...
Date:2017-12-25 20:40:18,696 LEVEL:ERROR Thread:[main] Method:main() Class:com.somnath.apps.misc.ReflectionWithSlf4JLog4j2 Message:Error occurred:
java.lang.ClassNotFoundException: TestInnerClass
	at java.net.URLClassLoader.findClass(URLClassLoader.java:381) ~[?:1.8.0_51]
	at java.lang.ClassLoader.loadClass(ClassLoader.java:424) ~[?:1.8.0_51]
	at sun.misc.Launcher$AppClassLoader.loadClass(Launcher.java:331) ~[?:1.8.0_51]
	at java.lang.ClassLoader.loadClass(ClassLoader.java:357) ~[?:1.8.0_51]
	at java.lang.Class.forName0(Native Method) ~[?:1.8.0_51]
	at java.lang.Class.forName(Class.java:264) ~[?:1.8.0_51]
	at com.somnath.apps.misc.ReflectionWithSlf4JLog4j2.main(ReflectionWithSlf4J.java:27) [classes/:?]
Date:2017-12-25 20:40:18,703 LEVEL:INFO  Thread:[main] Method:main() Class:com.somnath.apps.misc.ReflectionWithSlf4JLog4j2 Message:end...
Date:2017-12-25 20:41:23,825 LEVEL:INFO  Thread:[main] Method:main() Class:com.somnath.apps.misc.ReflectionWithSlf4JLog4j2 Message:start...
Date:2017-12-25 20:41:23,827 LEVEL:ERROR Thread:[main] Method:main() Class:com.somnath.apps.misc.ReflectionWithSlf4JLog4j2 Message:Error occurred:
java.lang.InstantiationException: com.somnath.apps.misc.ReflectionWithSlf4JLog4j2$TestInnerClass
	at java.lang.Class.newInstance(Class.java:427) ~[?:1.8.0_51]
	at com.somnath.apps.misc.ReflectionWithSlf4JLog4j2.main(ReflectionWithSlf4J.java:29) [classes/:?]
Caused by: java.lang.NoSuchMethodException: com.somnath.apps.misc.ReflectionWithSlf4JLog4j2$TestInnerClass.<init>()
	at java.lang.Class.getConstructor0(Class.java:3082) ~[?:1.8.0_51]
	at java.lang.Class.newInstance(Class.java:412) ~[?:1.8.0_51]
	... 1 more
Date:2017-12-25 20:41:23,833 LEVEL:INFO  Thread:[main] Method:main() Class:com.somnath.apps.misc.ReflectionWithSlf4JLog4j2 Message:end...
Date:2017-12-26 01:40:28,622 LEVEL:INFO  Thread:[main] Method:main() Class:com.somnath.apps.misc.FileIO Message:Using File Writer and Reader...
Date:2017-12-26 01:40:28,624 LEVEL:ERROR Thread:[main] Method:main() Class:com.somnath.apps.misc.FileIO Message:Error occurred:
java.io.FileNotFoundException: /user/somnath/F/Practise/test-io.txt (No such file or directory)
	at java.io.FileOutputStream.open0(Native Method) ~[?:1.8.0_51]
	at java.io.FileOutputStream.open(FileOutputStream.java:270) ~[?:1.8.0_51]
	at java.io.FileOutputStream.<init>(FileOutputStream.java:213) ~[?:1.8.0_51]
	at java.io.FileOutputStream.<init>(FileOutputStream.java:101) ~[?:1.8.0_51]
	at java.io.FileWriter.<init>(FileWriter.java:63) ~[?:1.8.0_51]
	at com.somnath.apps.misc.FileIO.main(FileIO.java:19) [classes/:?]
Date:2017-12-26 01:40:28,629 LEVEL:INFO  Thread:[main] Method:main() Class:com.somnath.apps.misc.FileIO Message:DONE...
